<?xml version="1.0" encoding="UTF-8"?>
<testng-results ignored="0" total="2" passed="2" failed="0" skipped="0">
  <reporter-output>
  </reporter-output>
  <suite started-at="2026-02-16T22:53:36 IST" name="Master Suite" finished-at="2026-02-16T22:53:51 IST" duration-ms="14603">
    <groups>
      <group name="Master">
        <method signature="TC001_AccountRegistration.verify_account_registration()[pri:0, instance:testCases.TC001_AccountRegistration@16c63f5]" name="verify_account_registration" class="testCases.TC001_AccountRegistration"/>
        <method signature="TC001_LoginTest.verify_login()[pri:0, instance:testCases.TC001_LoginTest@4758820d]" name="verify_login" class="testCases.TC001_LoginTest"/>
      </group> <!-- Master -->
      <group name="Sanity">
        <method signature="TC001_LoginTest.verify_login()[pri:0, instance:testCases.TC001_LoginTest@4758820d]" name="verify_login" class="testCases.TC001_LoginTest"/>
      </group> <!-- Sanity -->
      <group name="Regression">
        <method signature="TC001_AccountRegistration.verify_account_registration()[pri:0, instance:testCases.TC001_AccountRegistration@16c63f5]" name="verify_account_registration" class="testCases.TC001_AccountRegistration"/>
      </group> <!-- Regression -->
    </groups>
    <test started-at="2026-02-16T22:53:36 IST" name="Test" finished-at="2026-02-16T22:53:51 IST" duration-ms="14603">
      <class name="testCases.TC001_LoginTest">
        <test-method is-config="true" signature="setup(java.lang.String,java.lang.String)[pri:0, instance:testCases.TC001_LoginTest@4758820d]" started-at="2026-02-16T22:53:45 IST" name="setup" finished-at="2026-02-16T22:53:49 IST" duration-ms="4065" status="PASS">
          <params>
            <param index="0">
              <value>
                <![CDATA[Windows]]>
              </value>
            </param>
            <param index="1">
              <value>
                <![CDATA[chrome]]>
              </value>
            </param>
          </params>
          <reporter-output>
          </reporter-output>
        </test-method> <!-- setup -->
        <test-method signature="verify_login()[pri:0, instance:testCases.TC001_LoginTest@4758820d]" started-at="2026-02-16T22:53:49 IST" name="verify_login" finished-at="2026-02-16T22:53:50 IST" duration-ms="1882" status="PASS">
          <reporter-output>
          </reporter-output>
        </test-method> <!-- verify_login -->
        <test-method is-config="true" signature="teardown()[pri:0, instance:testCases.TC001_LoginTest@4758820d]" started-at="2026-02-16T22:53:50 IST" name="teardown" finished-at="2026-02-16T22:53:51 IST" duration-ms="196" status="PASS">
          <reporter-output>
          </reporter-output>
        </test-method> <!-- teardown -->
      </class> <!-- testCases.TC001_LoginTest -->
      <class name="testCases.TC001_AccountRegistration">
        <test-method is-config="true" signature="setup(java.lang.String,java.lang.String)[pri:0, instance:testCases.TC001_AccountRegistration@16c63f5]" started-at="2026-02-16T22:53:36 IST" name="setup" finished-at="2026-02-16T22:53:41 IST" duration-ms="5033" status="PASS">
          <params>
            <param index="0">
              <value>
                <![CDATA[Windows]]>
              </value>
            </param>
            <param index="1">
              <value>
                <![CDATA[chrome]]>
              </value>
            </param>
          </params>
          <reporter-output>
          </reporter-output>
        </test-method> <!-- setup -->
        <test-method signature="verify_account_registration()[pri:0, instance:testCases.TC001_AccountRegistration@16c63f5]" started-at="2026-02-16T22:53:41 IST" name="verify_account_registration" finished-at="2026-02-16T22:53:44 IST" duration-ms="2953" status="PASS">
          <reporter-output>
          </reporter-output>
        </test-method> <!-- verify_account_registration -->
        <test-method is-config="true" signature="teardown()[pri:0, instance:testCases.TC001_AccountRegistration@16c63f5]" started-at="2026-02-16T22:53:44 IST" name="teardown" finished-at="2026-02-16T22:53:45 IST" duration-ms="200" status="PASS">
          <reporter-output>
          </reporter-output>
        </test-method> <!-- teardown -->
      </class> <!-- testCases.TC001_AccountRegistration -->
    </test> <!-- Test -->
  </suite> <!-- Master Suite -->
</testng-results>
